0 info it worked if it ends with ok
1 verbose cli [ 'node', '/usr/local/bin/npm', 'start' ]
2 info using npm@3.3.9
3 info using node@v0.12.7
4 verbose run-script [ 'prestart', 'start', 'poststart' ]
5 info lifecycle simpleserver@1.0.0~prestart: simpleserver@1.0.0
6 silly lifecycle simpleserver@1.0.0~prestart: no script for prestart, continuing
7 info lifecycle simpleserver@1.0.0~start: simpleserver@1.0.0
8 verbose lifecycle simpleserver@1.0.0~start: unsafe-perm in lifecycle true
9 verbose lifecycle simpleserver@1.0.0~start: PATH: /usr/local/lib/node_modules/npm/bin/node-gyp-bin:/Users/carolynhung/Desktop/Udemy_Projects/Nodejs_Project/simpleserver/node_modules/.bin:/Library/Frameworks/Python.framework/Versions/2.7/bin:/usr/local/heroku/bin:/usr/local/rvm/gems/ruby-1.9.3-p392/bin:/usr/local/rvm/gems/ruby-1.9.3-p392@global/bin:/usr/local/rvm/rubies/ruby-1.9.3-p392/bin:/usr/local/rvm/bin:/usr/local/bin:/usr/bin:/bin:/usr/sbin:/sbin:/opt/X11/bin:/usr/texbin:/opt/sm/bin:/opt/sm/pkg/active/bin:/opt/sm/pkg/active/sbin:/Users/carolynhung/Ecplise:/Users/carolynhung/apache-tomcat-7.0.47/lib/servlet-api.jar
10 verbose lifecycle simpleserver@1.0.0~start: CWD: /Users/carolynhung/Desktop/Udemy_Projects/Nodejs_Project/simpleserver
11 silly lifecycle simpleserver@1.0.0~start: Args: [ '-c', 'node server.js' ]
12 silly lifecycle simpleserver@1.0.0~start: Returned: code: 1  signal: null
13 info lifecycle simpleserver@1.0.0~start: Failed to exec start script
14 verbose stack Error: simpleserver@1.0.0 start: `node server.js`
14 verbose stack Exit status 1
14 verbose stack     at EventEmitter.<anonymous> (/usr/local/lib/node_modules/npm/lib/utils/lifecycle.js:233:16)
14 verbose stack     at EventEmitter.emit (events.js:110:17)
14 verbose stack     at ChildProcess.<anonymous> (/usr/local/lib/node_modules/npm/lib/utils/spawn.js:24:14)
14 verbose stack     at ChildProcess.emit (events.js:110:17)
14 verbose stack     at maybeClose (child_process.js:1015:16)
14 verbose stack     at Process.ChildProcess._handle.onexit (child_process.js:1087:5)
15 verbose pkgid simpleserver@1.0.0
16 verbose cwd /Users/carolynhung/Desktop/Udemy_Projects/Nodejs_Project/simpleserver
17 error Darwin 14.5.0
18 error argv "node" "/usr/local/bin/npm" "start"
19 error node v0.12.7
20 error npm  v3.3.9
21 error code ELIFECYCLE
22 error simpleserver@1.0.0 start: `node server.js`
22 error Exit status 1
23 error Failed at the simpleserver@1.0.0 start script 'node server.js'.
23 error This is most likely a problem with the simpleserver package,
23 error not with npm itself.
23 error Tell the author that this fails on your system:
23 error     node server.js
23 error You can get their info via:
23 error     npm owner ls simpleserver
23 error There is likely additional logging output above.
24 verbose exit [ 1, true ]
